0 info it worked if it ends with ok
1 verbose cli [ '/usr/bin/node', '/usr/bin/npm', 'install', '-g', 'node-gyp' ]
2 info using npm@1.3.24
3 info using node@v0.10.25
4 verbose node symlink /usr/bin/node
5 verbose cache add [ 'node-gyp', null ]
6 verbose cache add name=undefined spec="node-gyp" args=["node-gyp",null]
7 verbose parsed url { protocol: null,
7 verbose parsed url   slashes: null,
7 verbose parsed url   auth: null,
7 verbose parsed url   host: null,
7 verbose parsed url   port: null,
7 verbose parsed url   hostname: null,
7 verbose parsed url   hash: null,
7 verbose parsed url   search: null,
7 verbose parsed url   query: null,
7 verbose parsed url   pathname: 'node-gyp',
7 verbose parsed url   path: 'node-gyp',
7 verbose parsed url   href: 'node-gyp' }
8 silly lockFile 54062583-node-gyp node-gyp
9 verbose lock node-gyp /home/kreter/.npm/54062583-node-gyp.lock
10 silly lockFile 54062583-node-gyp node-gyp
11 silly lockFile 54062583-node-gyp node-gyp
12 verbose addNamed [ 'node-gyp', '' ]
13 verbose addNamed [ null, '*' ]
14 silly lockFile c0cd6589-node-gyp node-gyp@
15 verbose lock node-gyp@ /home/kreter/.npm/c0cd6589-node-gyp.lock
16 silly addNameRange { name: 'node-gyp', range: '*', hasData: false }
17 verbose url raw node-gyp
18 verbose url resolving [ 'https://registry.npmjs.org/', './node-gyp' ]
19 verbose url resolved https://registry.npmjs.org/node-gyp
20 info trying registry request attempt 1 at 18:46:31
21 verbose etag "12VBVHIHMQSD6VAEUHYLGRTZ8"
22 http GET https://registry.npmjs.org/node-gyp
23 http 304 https://registry.npmjs.org/node-gyp
24 silly registry.get cb [ 304,
24 silly registry.get   { date: 'Thu, 27 Feb 2014 00:46:32 GMT',
24 silly registry.get     server: 'Apache',
24 silly registry.get     connection: 'Keep-Alive',
24 silly registry.get     'keep-alive': 'timeout=10, max=50',
24 silly registry.get     etag: '"12VBVHIHMQSD6VAEUHYLGRTZ8"',
24 silly registry.get     'cache-control': 'max-age=1',
24 silly registry.get     vary: 'Accept' } ]
25 verbose etag node-gyp from cache
26 silly addNameRange number 2 { name: 'node-gyp', range: '*', hasData: true }
27 silly addNameRange versions [ 'node-gyp',
27 silly addNameRange   [ '0.0.1',
27 silly addNameRange     '0.0.2',
27 silly addNameRange     '0.0.3',
27 silly addNameRange     '0.0.4',
27 silly addNameRange     '0.0.5',
27 silly addNameRange     '0.0.6',
27 silly addNameRange     '0.1.0',
27 silly addNameRange     '0.1.1',
27 silly addNameRange     '0.1.2',
27 silly addNameRange     '0.1.3',
27 silly addNameRange     '0.1.4',
27 silly addNameRange     '0.2.0',
27 silly addNameRange     '0.2.1',
27 silly addNameRange     '0.2.2',
27 silly addNameRange     '0.3.0',
27 silly addNameRange     '0.3.1',
27 silly addNameRange     '0.3.2',
27 silly addNameRange     '0.3.4',
27 silly addNameRange     '0.3.5',
27 silly addNameRange     '0.3.6',
27 silly addNameRange     '0.3.7',
27 silly addNameRange     '0.3.8',
27 silly addNameRange     '0.3.9',
27 silly addNameRange     '0.3.10',
27 silly addNameRange     '0.3.11',
27 silly addNameRange     '0.4.0',
27 silly addNameRange     '0.4.1',
27 silly addNameRange     '0.4.2',
27 silly addNameRange     '0.4.3',
27 silly addNameRange     '0.4.4',
27 silly addNameRange     '0.4.5',
27 silly addNameRange     '0.5.0',
27 silly addNameRange     '0.5.1',
27 silly addNameRange     '0.5.2',
27 silly addNameRange     '0.5.3',
27 silly addNameRange     '0.5.4',
27 silly addNameRange     '0.5.5',
27 silly addNameRange     '0.5.6',
27 silly addNameRange     '0.5.7',
27 silly addNameRange     '0.5.8',
27 silly addNameRange     '0.6.0',
27 silly addNameRange     '0.6.1',
27 silly addNameRange     '0.6.2',
27 silly addNameRange     '0.6.3',
27 silly addNameRange     '0.6.4',
27 silly addNameRange     '0.6.5',
27 silly addNameRange     '0.6.6',
27 silly addNameRange     '0.6.7',
27 silly addNameRange     '0.6.8',
27 silly addNameRange     '0.6.9',
27 silly addNameRange     '0.6.10',
27 silly addNameRange     '0.6.11',
27 silly addNameRange     '0.7.0',
27 silly addNameRange     '0.7.1',
27 silly addNameRange     '0.7.2',
27 silly addNameRange     '0.7.3',
27 silly addNameRange     '0.8.0',
27 silly addNameRange     '0.8.1',
27 silly addNameRange     '0.8.2',
27 silly addNameRange     '0.8.3',
27 silly addNameRange     '0.8.4',
27 silly addNameRange     '0.8.5',
27 silly addNameRange     '0.9.0',
27 silly addNameRange     '0.9.1',
27 silly addNameRange     '0.9.2',
27 silly addNameRange     '0.9.3',
27 silly addNameRange     '0.9.4',
27 silly addNameRange     '0.9.5',
27 silly addNameRange     '0.9.6',
27 silly addNameRange     '0.10.0',
27 silly addNameRange     '0.10.1',
27 silly addNameRange     '0.10.2',
27 silly addNameRange     '0.10.3',
27 silly addNameRange     '0.10.4',
27 silly addNameRange     '0.10.5',
27 silly addNameRange     '0.10.6',
27 silly addNameRange     '0.10.7',
27 silly addNameRange     '0.10.8',
27 silly addNameRange     '0.10.9',
27 silly addNameRange     '0.10.10',
27 silly addNameRange     '0.11.0',
27 silly addNameRange     '0.12.0',
27 silly addNameRange     '0.12.1',
27 silly addNameRange     '0.12.2' ] ]
28 verbose addNamed [ 'node-gyp', '0.12.2' ]
29 verbose addNamed [ '0.12.2', '0.12.2' ]
30 silly lockFile 4551c39b-node-gyp-0-12-2 node-gyp@0.12.2
31 verbose lock node-gyp@0.12.2 /home/kreter/.npm/4551c39b-node-gyp-0-12-2.lock
32 silly lockFile 4551c39b-node-gyp-0-12-2 node-gyp@0.12.2
33 silly lockFile 4551c39b-node-gyp-0-12-2 node-gyp@0.12.2
34 silly lockFile c0cd6589-node-gyp node-gyp@
35 silly lockFile c0cd6589-node-gyp node-gyp@
36 silly resolved [ { name: 'node-gyp',
36 silly resolved     description: 'Node.js native addon build tool',
36 silly resolved     keywords: [ 'native', 'addon', 'module', 'c', 'c++', 'bindings', 'gyp' ],
36 silly resolved     version: '0.12.2',
36 silly resolved     installVersion: 9,
36 silly resolved     author:
36 silly resolved      { name: 'Nathan Rajlich',
36 silly resolved        email: 'nathan@tootallnate.net',
36 silly resolved        url: 'http://tootallnate.net' },
36 silly resolved     repository:
36 silly resolved      { type: 'git',
36 silly resolved        url: 'git://github.com/TooTallNate/node-gyp.git' },
36 silly resolved     preferGlobal: true,
36 silly resolved     bin: { 'node-gyp': './bin/node-gyp.js' },
36 silly resolved     main: './lib/node-gyp.js',
36 silly resolved     dependencies:
36 silly resolved      { glob: '3',
36 silly resolved        'graceful-fs': '2',
36 silly resolved        fstream: '0',
36 silly resolved        minimatch: '0',
36 silly resolved        mkdirp: '0',
36 silly resolved        nopt: '2',
36 silly resolved        npmlog: '0',
36 silly resolved        osenv: '0',
36 silly resolved        request: '2',
36 silly resolved        rimraf: '2',
36 silly resolved        semver: '~2.2.1',
36 silly resolved        tar: '0',
36 silly resolved        which: '1' },
36 silly resolved     engines: { node: '>= 0.8.0' },
36 silly resolved     readme: 'node-gyp\n=========\n### Node.js native addon build tool\n\n`node-gyp` is a cross-platform command-line tool written in Node.js for compiling\nnative addon modules for Node.js, which takes away the pain of dealing with the\nvarious differences in build platforms. It is the replacement to the `node-waf`\nprogram which is removed for node `v0.8`. If you have a native addon for node that\nstill has a `wscript` file, then you should definitely add a `binding.gyp` file\nto support the latest versions of node.\n\nMultiple target versions of node are supported (i.e. `0.8`, `0.9`, `0.10`, ..., `1.0`,\netc.), regardless of what version of node is actually installed on your system\n(`node-gyp` downloads the necessary development files for the target version).\n\n#### Features:\n\n * Easy to use, consistent interface\n * Same commands to build your module on every platform\n * Supports multiple target versions of Node\n\n\nInstallation\n------------\n\nYou can install with `npm`:\n\n``` bash\n$ npm install -g node-gyp\n```\n\nYou will also need to install:\n\n  * On Unix:\n    * `python` (`v2.7` recommended, `v3.x.x` is __*not*__ supported)\n    * `make`\n    * A proper C/C++ compiler toolchain, like GCC\n  * On Windows:\n    * [Python][windows-python] ([`v2.7.3`][windows-python-v2.7.3] recommended, `v3.x.x` is __*not*__ supported)\n    * Windows XP/Vista/7:\n      * Microsoft Visual Studio C++ 2010 ([Express][msvc2010] version works well)\n      * For 64-bit builds of node and native modules you will _**also**_ need the [Windows 7 64-bit SDK][win7sdk]\n        * If the install fails, try uninstalling any C++ 2010 x64&x86 Redistributable that you have installed first.\n      * If you get errors that the 64-bit compilers are not installed you may also need the [compiler update for the Windows SDK 7.1]\n    * Windows 7/8:\n      * Microsoft Visual Studio C++ 2012 for Windows Desktop ([Express][msvc2012] version works well)\n\nNote that OS X is just a flavour of Unix and so needs `python`, `make`, and C/C++.\nAn easy way to obtain these is to install XCode from Apple,\nand then use it to install the command line tools (under Preferences -> Downloads).\n\nHow to Use\n----------\n\nTo compile your native addon, first go to its root directory:\n\n``` bash\n$ cd my_node_addon\n```\n\nThe next step is to generate the appropriate project build files for the current\nplatform. Use `configure` for that:\n\n``` bash\n$ node-gyp configure\n```\n\n__Note__: The `configure` step looks for the `binding.gyp` file in the current\ndirectory to processs. See below for instructions on creating the `binding.gyp` file.\n\nNow you will have either a `Makefile` (on Unix platforms) or a `vcxproj` file\n(on Windows) in the `build/` directory. Next invoke the `build` command:\n\n``` bash\n$ node-gyp build\n```\n\nNow you have your compiled `.node` bindings file! The compiled bindings end up\nin `build/Debug/` or `build/Release/`, depending on the build mode. At this point\nyou can require the `.node` file with Node and run your tests!\n\n__Note:__ To create a _Debug_ build of the bindings file, pass the `--debug` (or\n`-d`) switch when running the either `configure` or `build` command.\n\n\nThe "binding.gyp" file\n----------------------\n\nPreviously when node had `node-waf` you had to write a `wscript` file. The\nreplacement for that is the `binding.gyp` file, which describes the configuration\nto build your module in a JSON-like format. This file gets placed in the root of\nyour package, alongside the `package.json` file.\n\nA barebones `gyp` file appropriate for building a node addon looks like:\n\n``` python\n{\n  "targets": [\n    {\n      "target_name": "binding",\n      "sources": [ "src/binding.cc" ]\n    }\n  ]\n}\n```\n\nSome additional resources for writing `gyp` files:\n\n * ["Hello World" node addon example](https://github.com/joyent/node/tree/master/test/addons/hello-world)\n * [gyp user documentation](http://code.google.com/p/gyp/wiki/GypUserDocumentation)\n * [gyp input format reference](http://code.google.com/p/gyp/wiki/InputFormatReference)\n * [*"binding.gyp" files out in the wild* wiki page](https://github.com/TooTallNate/node-gyp/wiki/%22binding.gyp%22-files-out-in-the-wild)\n\n\nCommands\n--------\n\n`node-gyp` responds to the following commands:\n\n| **Command**   | **Description**\n|:--------------|:---------------------------------------------------------------\n| `build`       | Invokes `make`/`msbuild.exe` and builds the native addon\n| `clean`       | Removes any the `build` dir if it exists\n| `configure`   | Generates project build files for the current platform\n| `rebuild`     | Runs "clean", "configure" and "build" all in a row\n| `install`     | Installs node development header files for the given version\n| `list`        | Lists the currently installed node development file versions\n| `remove`      | Removes the node development header files for the given version\n\n\nLicense\n-------\n\n(The MIT License)\n\nCopyright (c) 2012 Nathan Rajlich &lt;nathan@tootallnate.net&gt;\n\nPermission is hereby granted, free of charge, to any person obtaining\na copy of this software and associated documentation files (the\n\'Software\'), to deal in the Software without restriction, including\nwithout limitation the rights to use, copy, modify, merge, publish,\ndistribute, sublicense, and/or sell copies of the Software, and to\npermit persons to whom the Software is furnished to do so, subject to\nthe following conditions:\n\nThe above copyright notice and this permission notice shall be\nincluded in all copies or substantial portions of the Software.\n\nTHE SOFTWARE IS PROVIDED \'AS IS\', WITHOUT WARRANTY OF ANY KIND,\nEXPRESS OR IMPLIED, INCLUDING BUT NOT LIMITED TO THE WARRANTIES OF\nMERCHANTABILITY, FITNESS FOR A PARTICULAR PURPOSE AND NONINFRINGEMENT.\nIN NO EVENT SHALL THE AUTHORS OR COPYRIGHT HOLDERS BE LIABLE FOR ANY\nCLAIM, DAMAGES OR OTHER LIABILITY, WHETHER IN AN ACTION OF CONTRACT,\nTORT OR OTHERWISE, ARISING FROM, OUT OF OR IN CONNECTION WITH THE\nSOFTWARE OR THE USE OR OTHER DEALINGS IN THE SOFTWARE.\n\n\n[windows-python]: http://www.python.org/getit/windows\n[windows-python-v2.7.3]: http://www.python.org/download/releases/2.7.3#download\n[msvc2010]: http://go.microsoft.com/?linkid=9709949\n[msvc2012]: http://go.microsoft.com/?linkid=9816758\n[win7sdk]: http://www.microsoft.com/en-us/download/details.aspx?id=8279\n[compiler update for the Windows SDK 7.1]: http://www.microsoft.com/en-us/download/details.aspx?id=4422\n',
36 silly resolved     readmeFilename: 'README.md',
36 silly resolved     bugs: { url: 'https://github.com/TooTallNate/node-gyp/issues' },
36 silly resolved     homepage: 'https://github.com/TooTallNate/node-gyp',
36 silly resolved     _id: 'node-gyp@0.12.2',
36 silly resolved     _from: 'node-gyp@' } ]
37 info install node-gyp@0.12.2 into /usr/lib
38 info installOne node-gyp@0.12.2
39 info /usr/lib/node_modules/node-gyp unbuild
40 info preuninstall node-gyp@0.12.2
41 info uninstall node-gyp@0.12.2
42 verbose true,/usr/lib/node_modules,/usr/lib/node_modules unbuild node-gyp@0.12.2
43 verbose /usr/bin,[object Object] binRoot
44 info /usr/lib/node_modules/node-gyp unbuild
45 info preuninstall node-gyp@0.12.2
46 info uninstall node-gyp@0.12.2
47 verbose true,/usr/lib/node_modules,/usr/lib/node_modules unbuild node-gyp@0.12.2
48 verbose /usr/bin,[object Object] binRoot
49 error error rolling back Error: Refusing to delete: /usr/bin/node-gyp not in /usr/lib/node_modules/node-gyp
49 error error rolling back     at clobberFail (/usr/lib/node_modules/npm/lib/utils/gently-rm.js:41:12)
49 error error rolling back     at next (/usr/lib/node_modules/npm/lib/utils/gently-rm.js:27:14)
49 error error rolling back     at /usr/lib/node_modules/npm/lib/utils/gently-rm.js:36:12
49 error error rolling back     at Object.oncomplete (fs.js:107:15)
49 error error rolling back  node-gyp@0.12.2 { [Error: Refusing to delete: /usr/bin/node-gyp not in /usr/lib/node_modules/node-gyp] code: 'EEXIST', path: '/usr/bin/node-gyp' }
50 error Refusing to delete: /usr/bin/node-gyp not in /usr/lib/node_modules/node-gyp
File exists: /usr/bin/node-gyp
Move it away, and try again.
51 error System Linux 3.11.0-15-generic
52 error command "/usr/bin/node" "/usr/bin/npm" "install" "-g" "node-gyp"
53 error cwd /home/kreter/work/webdev/node_app
54 error node -v v0.10.25
55 error npm -v 1.3.24
56 error path /usr/bin/node-gyp
57 error code EEXIST
58 verbose exit [ 1, true ]
